app/manifest-merger-release-report.txt
-- Merging decision tree log ---
manifest
ADDED from AndroidManifest.xml:2:1
	xmlns:android
		ADDED from AndroidManifest.xml:2:11
	package
		ADDED from AndroidManifest.xml:3:5
		INJECTED from AndroidManifest.xml:0:0
		INJECTED from AndroidManifest.xml:0:0
	android:versionName
		ADDED from AndroidManifest.xml:5:5
	android:versionCode
		ADDED from AndroidManifest.xml:4:5
		INJECTED from AndroidManifest.xml:0:0
		INJECTED from AndroidManifest.xml:0:0
uses-sdk
ADDED from AndroidManifest.xml:7:5
MERGED from com.android.support:support-v4:20.0.0:16:5
MERGED from com.facebook.android:facebook-android-sdk:3.21.1:20:5
MERGED from com.android.support:support-v4:20.0.0:16:5
	android:targetSdkVersion
		ADDED from AndroidManifest.xml:9:9
		INJECTED from AndroidManifest.xml:0:0
		INJECTED from AndroidManifest.xml:0:0
	android:minSdkVersion
		ADDED from AndroidManifest.xml:8:9
		INJECTED from AndroidManifest.xml:0:0
		INJECTED from AndroidManifest.xml:0:0
uses-permission#android.permission.WRITE_EXTERNAL_STORAGE
ADDED from AndroidManifest.xml:10:5
	android:name
		ADDED from AndroidManifest.xml:10:22
uses-permission#android.permission.ACCESS_NETWORK_STATE
ADDED from AndroidManifest.xml:12:5
	android:name
		ADDED from AndroidManifest.xml:12:22
uses-permission#android.permission.INTERNET
ADDED from AndroidManifest.xml:13:5
	android:name
		ADDED from AndroidManifest.xml:13:22
application
ADDED from AndroidManifest.xml:15:5
MERGED from com.android.support:support-v4:20.0.0:17:5
MERGED from com.facebook.android:facebook-android-sdk:3.21.1:24:5
MERGED from com.android.support:support-v4:20.0.0:17:5
	android:label
		ADDED from AndroidManifest.xml:18:9
	android:allowBackup
		ADDED from AndroidManifest.xml:16:9
	android:icon
		ADDED from AndroidManifest.xml:17:9
	android:theme
		ADDED from AndroidManifest.xml:19:9
meta-data#com.facebook.sdk.ApplicationId
ADDED from AndroidManifest.xml:20:9
	android:name
		ADDED from AndroidManifest.xml:20:20
	android:value
		ADDED from AndroidManifest.xml:20:66
activity#com.exploreca.imdb.MainActivity
ADDED from AndroidManifest.xml:21:9
	android:label
		ADDED from AndroidManifest.xml:23:13
	android:name
		ADDED from AndroidManifest.xml:22:13
intent-filter#android.intent.action.MAIN+android.intent.category.LAUNCHER
ADDED from AndroidManifest.xml:24:13
action#android.intent.action.MAIN
ADDED from AndroidManifest.xml:25:17
	android:name
		ADDED from AndroidManifest.xml:25:25
category#android.intent.category.LAUNCHER
ADDED from AndroidManifest.xml:27:17
	android:name
		ADDED from AndroidManifest.xml:27:27
activity#com.facebook.LoginActivity
ADDED from AndroidManifest.xml:31:9
	android:label
		ADDED from AndroidManifest.xml:33:13
	android:name
		ADDED from AndroidManifest.xml:32:13
activity#com.exploreca.imdb.movieCategory.UpcomingMovies
ADDED from AndroidManifest.xml:36:9
	android:name
		ADDED from AndroidManifest.xml:36:19
intent-filter#android.intent.action.SEARCH
ADDED from AndroidManifest.xml:37:13
action#android.intent.action.SEARCH
ADDED from AndroidManifest.xml:38:17
	android:name
		ADDED from AndroidManifest.xml:38:25
meta-data#android.app.searchable
ADDED from AndroidManifest.xml:40:13
	android:resource
		ADDED from AndroidManifest.xml:41:17
	android:name
		ADDED from AndroidManifest.xml:40:24
activity#com.exploreca.imdb.movieCategory.NowPlayingMovies
ADDED from AndroidManifest.xml:46:9
	android:name
		ADDED from AndroidManifest.xml:46:19
activity#com.exploreca.imdb.movieCategory.PopularMovies
ADDED from AndroidManifest.xml:55:9
	android:name
		ADDED from AndroidManifest.xml:55:19
activity#com.exploreca.imdb.movieCategory.TopRatedMovies
ADDED from AndroidManifest.xml:64:9
	android:name
		ADDED from AndroidManifest.xml:64:19
activity#com.exploreca.imdb.MovieDetailActivity
ADDED from AndroidManifest.xml:73:9
	android:name
		ADDED from AndroidManifest.xml:73:19
activity#com.exploreca.imdb.movieCategory.MyMovies
ADDED from AndroidManifest.xml:75:9
	android:name
		ADDED from AndroidManifest.xml:75:19
activity#com.exploreca.imdb.MovieTrailer
ADDED from AndroidManifest.xml:85:9
	android:name
		ADDED from AndroidManifest.xml:85:19
activity#com.exploreca.imdb.movieCategory.MovieGenre
ADDED from AndroidManifest.xml:87:9
	android:name
		ADDED from AndroidManifest.xml:87:19
activity#com.exploreca.imdb.MenuTest
ADDED from AndroidManifest.xml:89:9
	android:name
		ADDED from AndroidManifest.xml:89:19
activity#com.exploreca.imdb.movieCategory.GenreSelected
ADDED from AndroidManifest.xml:90:9
	android:name
		ADDED from AndroidManifest.xml:90:19